\BOOKMARK [0][-]{chapter*.2}{\376\377\000K\000u\000r\000z\000f\000a\000s\000s\000u\000n\000g}{}% 1
\BOOKMARK [0][-]{chapter*.3}{\376\377\000A\000b\000s\000t\000r\000a\000c\000t}{}% 2
\BOOKMARK [0][-]{chapter.1}{\376\377\000E\000i\000n\000l\000e\000i\000t\000u\000n\000g}{}% 3
\BOOKMARK [1][-]{section.1.1}{\376\377\000A\000u\000f\000g\000a\000b\000e\000n\000s\000t\000e\000l\000l\000u\000n\000g}{chapter.1}% 4
\BOOKMARK [1][-]{section.1.2}{\376\377\000M\000o\000t\000i\000v\000a\000t\000i\000o\000n}{chapter.1}% 5
\BOOKMARK [1][-]{section.1.3}{\376\377\000Z\000i\000e\000l\000s\000e\000t\000z\000u\000n\000g}{chapter.1}% 6
\BOOKMARK [0][-]{chapter.2}{\376\377\000A\000l\000l\000g\000e\000m\000e\000i\000n\000e\000\040\000E\000i\000n\000f\000\374\000h\000r\000u\000n\000g}{}% 7
\BOOKMARK [1][-]{section.2.1}{\376\377\000B\000i\000l\000d\000g\000e\000b\000e\000n\000d\000e\000\040\000V\000e\000r\000f\000a\000h\000r\000e\000n}{chapter.2}% 8
\BOOKMARK [1][-]{section.2.2}{\376\377\000V\000o\000l\000u\000m\000e\000n\000g\000r\000a\000f\000i\000k}{chapter.2}% 9
\BOOKMARK [2][-]{subsection.2.2.1}{\376\377\000V\000o\000x\000e\000l}{section.2.2}% 10
\BOOKMARK [1][-]{section.2.3}{\376\377\000M\000a\000r\000c\000h\000i\000n\000g\000\040\000C\000u\000b\000e\000s}{chapter.2}% 11
\BOOKMARK [2][-]{subsection.2.3.1}{\376\377\000F\000o\000r\000m\000a\000l\000e\000\040\000D\000e\000f\000i\000n\000i\000t\000i\000o\000n}{section.2.3}% 12
\BOOKMARK [2][-]{subsection.2.3.2}{\376\377\000F\000u\000n\000k\000t\000i\000o\000n\000s\000w\000e\000i\000s\000e}{section.2.3}% 13
\BOOKMARK [2][-]{subsection.2.3.3}{\376\377\000S\000c\000h\000w\000a\000c\000h\000p\000u\000n\000k\000t\000e}{section.2.3}% 14
\BOOKMARK [1][-]{section.2.4}{\376\377\000D\000a\000t\000e\000i\000f\000o\000r\000m\000a\000t\000e}{chapter.2}% 15
\BOOKMARK [2][-]{subsection.2.4.1}{\376\377\000I\000m\000a\000g\000e\000\040\000F\000i\000l\000e\000\040\000\050\000.\000i\000m\000g\000\051}{section.2.4}% 16
\BOOKMARK [2][-]{subsection.2.4.2}{\376\377\000H\000e\000a\000d\000e\000r\000\040\000F\000i\000l\000e\000\040\000\050\000.\000h\000d\000r\000\051}{section.2.4}% 17
\BOOKMARK [2][-]{subsection.2.4.3}{\376\377\000S\000T\000e\000r\000e\000o\000L\000i\000t\000h\000o\000g\000r\000a\000p\000h\000y\000\040\000\050\000.\000s\000t\000l\000\051}{section.2.4}% 18
\BOOKMARK [1][-]{section.2.5}{\376\377\000C\000o\000m\000p\000u\000t\000e\000r\000g\000r\000a\000f\000i\000k}{chapter.2}% 19
\BOOKMARK [2][-]{subsection.2.5.1}{\376\377\000O\000p\000e\000n\000G\000L}{section.2.5}% 20
\BOOKMARK [0][-]{chapter.3}{\376\377\000U\000m\000s\000e\000t\000z\000u\000n\000g}{}% 21
\BOOKMARK [1][-]{section.3.1}{\376\377\000M\000a\000r\000c\000h\000i\000n\000g\000\040\000C\000u\000b\000e\000s}{chapter.3}% 22
\BOOKMARK [2][-]{subsection.3.1.1}{\376\377\000A\000l\000l\000g\000e\000m\000e\000i\000n}{section.3.1}% 23
\BOOKMARK [2][-]{subsection.3.1.2}{\376\377\000S\000c\000h\000n\000i\000t\000t\000s\000t\000e\000l\000l\000e\000\040\000\050\000K\000l\000a\000s\000s\000e\000\051}{section.3.1}% 24
\BOOKMARK [1][-]{section.3.2}{\376\377\000F\000i\000l\000e\000\040\000F\000o\000r\000m\000a\000t\000e}{chapter.3}% 25
\BOOKMARK [2][-]{subsection.3.2.1}{\376\377\000A\000l\000l\000g\000e\000m\000e\000i\000n}{section.3.2}% 26
\BOOKMARK [2][-]{subsection.3.2.2}{\376\377\000I\000m\000a\000g\000e\000\040\000F\000i\000l\000e\000\040\000\050\000.\000i\000m\000g\000\051}{section.3.2}% 27
\BOOKMARK [2][-]{subsection.3.2.3}{\376\377\000H\000e\000a\000d\000e\000r\000\040\000F\000i\000l\000e\000\040\000\050\000.\000h\000d\000r\000\051}{section.3.2}% 28
\BOOKMARK [2][-]{subsection.3.2.4}{\376\377\000S\000T\000e\000r\000e\000o\000L\000i\000t\000h\000o\000g\000r\000a\000p\000h\000y\000\040\000\050\000.\000s\000t\000l\000\051}{section.3.2}% 29
\BOOKMARK [2][-]{subsection.3.2.5}{\376\377\000S\000c\000h\000n\000i\000t\000t\000s\000t\000e\000l\000l\000e\000\040\000\050\000K\000l\000a\000s\000s\000e\000\051}{section.3.2}% 30
\BOOKMARK [1][-]{section.3.3}{\376\377\000O\000p\000e\000n\000G\000L}{chapter.3}% 31
\BOOKMARK [2][-]{subsection.3.3.1}{\376\377\000A\000l\000l\000g\000e\000m\000e\000i\000n}{section.3.3}% 32
\BOOKMARK [2][-]{subsection.3.3.2}{\376\377\000S\000c\000h\000n\000i\000t\000t\000s\000t\000e\000l\000l\000e\000\040\000\050\000K\000l\000a\000s\000s\000e\000\051}{section.3.3}% 33
\BOOKMARK [1][-]{section.3.4}{\376\377\000B\000e\000n\000u\000t\000z\000e\000r\000o\000b\000e\000r\000f\000l\000\344\000c\000h\000e}{chapter.3}% 34
\BOOKMARK [2][-]{subsection.3.4.1}{\376\377\000A\000l\000l\000g\000e\000m\000e\000i\000n\000e\000r\000\040\000A\000u\000f\000b\000a\000u}{section.3.4}% 35
\BOOKMARK [2][-]{subsection.3.4.2}{\376\377\000S\000l\000i\000c\000i\000n\000g}{section.3.4}% 36
\BOOKMARK [2][-]{subsection.3.4.3}{\376\377\000W\000i\000r\000i\000n\000g}{section.3.4}% 37
\BOOKMARK [0][-]{chapter.4}{\376\377\000Z\000u\000s\000a\000m\000m\000e\000n\000f\000a\000s\000s\000u\000n\000g\000\040\000u\000n\000d\000\040\000A\000u\000s\000b\000l\000i\000c\000k}{}% 38
\BOOKMARK [1][-]{section.4.1}{\376\377\000E\000r\000g\000e\000b\000n\000i\000s\000s\000e}{chapter.4}% 39
\BOOKMARK [1][-]{section.4.2}{\376\377\000E\000r\000w\000e\000i\000t\000e\000r\000u\000n\000g\000e\000n}{chapter.4}% 40
\BOOKMARK [2][-]{subsection.4.2.1}{\376\377\000P\000a\000r\000a\000l\000l\000e\000l\000i\000s\000i\000e\000r\000e\000n}{section.4.2}% 41
\BOOKMARK [2][-]{subsection.4.2.2}{\376\377\000A\000l\000t\000e\000r\000n\000a\000t\000i\000v\000e\000\040\000A\000l\000g\000o\000r\000i\000t\000h\000m\000e\000n}{section.4.2}% 42
\BOOKMARK [2][-]{subsection.4.2.3}{\376\377\000A\000l\000g\000o\000r\000i\000t\000h\000m\000e\000n\000\040\000z\000u\000r\000\040\000V\000e\000r\000b\000e\000s\000s\000e\000r\000u\000n\000g}{section.4.2}% 43
\BOOKMARK [0][-]{chapter*.30}{\376\377\000L\000i\000t\000e\000r\000a\000t\000u\000r\000v\000e\000r\000z\000e\000i\000c\000h\000n\000i\000s}{}% 44
\BOOKMARK [0][-]{appendix.A}{\376\377\000I\000n\000h\000a\000l\000t\000\040\000d\000e\000r\000\040\000C\000D\000-\000R\000O\000M}{}% 45
\BOOKMARK [1][-]{section.A.1}{\376\377\000P\000D\000F\000-\000D\000a\000t\000e\000i\000e\000n}{appendix.A}% 46
\BOOKMARK [1][-]{section.A.2}{\376\377\000L\000a\000T\000e\000X\000-\000D\000a\000t\000e\000i\000e\000n}{appendix.A}% 47
\BOOKMARK [1][-]{section.A.3}{\376\377\000S\000t\000y\000l\000e\000/\000C\000l\000a\000s\000s\000-\000D\000a\000t\000e\000i\000e\000n}{appendix.A}% 48
\BOOKMARK [1][-]{section.A.4}{\376\377\000I\000m\000p\000l\000e\000m\000e\000n\000t\000i\000e\000r\000u\000n\000g}{appendix.A}% 49
\BOOKMARK [1][-]{section.A.5}{\376\377\000S\000o\000n\000s\000t\000i\000g\000e\000s}{appendix.A}% 50
